2017-04-23 19:13:46.773  INFO 17825 --- [main] s.server.receive.ServerReceiveDataApp    : Starting ServerReceiveDataApp on tobias-W54-55SU1-SUW with PID 17825 (/home/tobias/Programs/Eclipse/workspace-sts/sensor-server-receive/target/classes started by tobias in /home/tobias/Programs/Eclipse/workspace-sts/sensor-server-receive)
2017-04-23 19:13:46.776 DEBUG 17825 --- [main] s.server.receive.ServerReceiveDataApp    : Running with Spring Boot v1.5.2.RELEASE, Spring v4.3.7.RELEASE
2017-04-23 19:13:46.777  INFO 17825 --- [main] s.server.receive.ServerReceiveDataApp    : No active profile set, falling back to default profiles: default
2017-04-23 19:13:46.848  INFO 17825 --- [main] ationConfigEmbeddedWebApplicationContext : Refreshing org.springframework.boot.context.embedded.AnnotationConfigEmbeddedWebApplicationContext@12d3a4e9: startup date [Sun Apr 23 19:13:46 CEST 2017]; root of context hierarchy
2017-04-23 19:13:47.662  INFO 17825 --- [main] trationDelegate$BeanPostProcessorChecker : Bean 'org.springframework.amqp.rabbit.annotation.RabbitBootstrapConfiguration' of type [org.springframework.amqp.rabbit.annotation.RabbitBootstrapConfiguration$$EnhancerBySpringCGLIB$$3066667d] is not eligible for getting processed by all BeanPostProcessors (for example: not eligible for auto-proxying)
2017-04-23 19:13:47.909  INFO 17825 --- [main] s.b.c.e.t.TomcatEmbeddedServletContainer : Tomcat initialized with port(s): 8080 (http)
2017-04-23 19:13:47.921  INFO 17825 --- [main] o.apache.catalina.core.StandardService   : Starting service Tomcat
2017-04-23 19:13:47.922  INFO 17825 --- [main] org.apache.catalina.core.StandardEngine  : Starting Servlet Engine: Apache Tomcat/8.5.11
2017-04-23 19:13:48.021  INFO 17825 --- [localhost-startStop-1] o.a.c.c.C.[Tomcat].[localhost].[/]       : Initializing Spring embedded WebApplicationContext
2017-04-23 19:13:48.021  INFO 17825 --- [localhost-startStop-1] o.s.web.context.ContextLoader            : Root WebApplicationContext: initialization completed in 1177 ms
2017-04-23 19:13:48.141  INFO 17825 --- [localhost-startStop-1] o.s.b.w.servlet.ServletRegistrationBean  : Mapping servlet: 'dispatcherServlet' to [/]
2017-04-23 19:13:48.146  INFO 17825 --- [localhost-startStop-1] o.s.b.w.servlet.FilterRegistrationBean   : Mapping filter: 'characterEncodingFilter' to: [/*]
2017-04-23 19:13:48.147  INFO 17825 --- [localhost-startStop-1] o.s.b.w.servlet.FilterRegistrationBean   : Mapping filter: 'hiddenHttpMethodFilter' to: [/*]
2017-04-23 19:13:48.147  INFO 17825 --- [localhost-startStop-1] o.s.b.w.servlet.FilterRegistrationBean   : Mapping filter: 'httpPutFormContentFilter' to: [/*]
2017-04-23 19:13:48.148  INFO 17825 --- [localhost-startStop-1] o.s.b.w.servlet.FilterRegistrationBean   : Mapping filter: 'requestContextFilter' to: [/*]
2017-04-23 19:13:48.508  INFO 17825 --- [main] s.w.s.m.m.a.RequestMappingHandlerAdapter : Looking for @ControllerAdvice: org.springframework.boot.context.embedded.AnnotationConfigEmbeddedWebApplicationContext@12d3a4e9: startup date [Sun Apr 23 19:13:46 CEST 2017]; root of context hierarchy
2017-04-23 19:13:48.573  INFO 17825 --- [main] s.w.s.m.m.a.RequestMappingHandlerMapping : Mapped "{[/sensor/measurement],methods=[POST]}" onto public void sensor.server.receive.web.rest.RestReceiveDataController.receive(java.util.Set<sensor.server.domain.DeviceMeasurements>)
2017-04-23 19:13:48.574  INFO 17825 --- [main] s.w.s.m.m.a.RequestMappingHandlerMapping : Mapped "{[/sensor/ping],methods=[GET]}" onto public java.lang.String sensor.server.receive.web.rest.RestReceiveDataController.ping()
2017-04-23 19:13:48.576  INFO 17825 --- [main] s.w.s.m.m.a.RequestMappingHandlerMapping : Mapped "{[/error],produces=[text/html]}" onto public org.springframework.web.servlet.ModelAndView org.springframework.boot.autoconfigure.web.BasicErrorController.errorHtml(javax.servlet.http.HttpServletRequest,javax.servlet.http.HttpServletResponse)
2017-04-23 19:13:48.577  INFO 17825 --- [main] s.w.s.m.m.a.RequestMappingHandlerMapping : Mapped "{[/error]}" onto public org.springframework.http.ResponseEntity<java.util.Map<java.lang.String, java.lang.Object>> org.springframework.boot.autoconfigure.web.BasicErrorController.error(javax.servlet.http.HttpServletRequest)
2017-04-23 19:13:48.608  INFO 17825 --- [main] o.s.w.s.handler.SimpleUrlHandlerMapping  : Mapped URL path [/webjars/**] onto handler of type [class org.springframework.web.servlet.resource.ResourceHttpRequestHandler]
2017-04-23 19:13:48.608  INFO 17825 --- [main] o.s.w.s.handler.SimpleUrlHandlerMapping  : Mapped URL path [/**] onto handler of type [class org.springframework.web.servlet.resource.ResourceHttpRequestHandler]
2017-04-23 19:13:48.646  INFO 17825 --- [main] o.s.w.s.handler.SimpleUrlHandlerMapping  : Mapped URL path [/**/favicon.ico] onto handler of type [class org.springframework.web.servlet.resource.ResourceHttpRequestHandler]
2017-04-23 19:13:48.942  INFO 17825 --- [main] o.s.j.e.a.AnnotationMBeanExporter        : Registering beans for JMX exposure on startup
2017-04-23 19:13:48.948  INFO 17825 --- [main] o.s.j.e.a.AnnotationMBeanExporter        : Bean with name 'rabbitConnectionFactory' has been autodetected for JMX exposure
2017-04-23 19:13:48.951  INFO 17825 --- [main] o.s.j.e.a.AnnotationMBeanExporter        : Located managed bean 'rabbitConnectionFactory': registering with JMX server as MBean [org.springframework.amqp.rabbit.connection:name=rabbitConnectionFactory,type=CachingConnectionFactory]
2017-04-23 19:13:48.971  INFO 17825 --- [main] o.s.c.support.DefaultLifecycleProcessor  : Starting beans in phase -2147482648
2017-04-23 19:13:48.971  INFO 17825 --- [main] o.s.c.support.DefaultLifecycleProcessor  : Starting beans in phase 2147483647
2017-04-23 19:13:49.006  INFO 17825 --- [main] s.b.c.e.t.TomcatEmbeddedServletContainer : Tomcat started on port(s): 8080 (http)
2017-04-23 19:13:49.010  INFO 17825 --- [main] s.server.receive.ServerReceiveDataApp    : Started ServerReceiveDataApp in 2.49 seconds (JVM running for 2.888)
2017-04-23 19:20:29.906  INFO 17825 --- [RMI TCP Connection(15)-127.0.0.1] inMXBeanRegistrar$SpringApplicationAdmin : Application shutdown requested.
2017-04-23 19:20:29.906  INFO 17825 --- [RMI TCP Connection(15)-127.0.0.1] ationConfigEmbeddedWebApplicationContext : Closing org.springframework.boot.context.embedded.AnnotationConfigEmbeddedWebApplicationContext@12d3a4e9: startup date [Sun Apr 23 19:13:46 CEST 2017]; root of context hierarchy
2017-04-23 19:20:29.908  INFO 17825 --- [RMI TCP Connection(15)-127.0.0.1] o.s.c.support.DefaultLifecycleProcessor  : Stopping beans in phase 2147483647
2017-04-23 19:20:29.909  INFO 17825 --- [RMI TCP Connection(15)-127.0.0.1] o.s.c.support.DefaultLifecycleProcessor  : Stopping beans in phase -2147482648
2017-04-23 19:20:29.911  INFO 17825 --- [RMI TCP Connection(15)-127.0.0.1] o.s.j.e.a.AnnotationMBeanExporter        : Unregistering JMX-exposed beans on shutdown
2017-04-23 19:20:29.911  INFO 17825 --- [RMI TCP Connection(15)-127.0.0.1] o.s.j.e.a.AnnotationMBeanExporter        : Unregistering JMX-exposed beans
2017-04-23 19:20:31.039  INFO 18196 --- [main] s.server.receive.ServerReceiveDataApp    : Starting ServerReceiveDataApp on tobias-W54-55SU1-SUW with PID 18196 (/home/tobias/Programs/Eclipse/workspace-sts/sensor-server-receive/target/classes started by tobias in /home/tobias/Programs/Eclipse/workspace-sts/sensor-server-receive)
2017-04-23 19:20:31.042 DEBUG 18196 --- [main] s.server.receive.ServerReceiveDataApp    : Running with Spring Boot v1.5.2.RELEASE, Spring v4.3.7.RELEASE
2017-04-23 19:20:31.042  INFO 18196 --- [main] s.server.receive.ServerReceiveDataApp    : No active profile set, falling back to default profiles: default
2017-04-23 19:20:31.118  INFO 18196 --- [main] ationConfigEmbeddedWebApplicationContext : Refreshing org.springframework.boot.context.embedded.AnnotationConfigEmbeddedWebApplicationContext@12d3a4e9: startup date [Sun Apr 23 19:20:31 CEST 2017]; root of context hierarchy
2017-04-23 19:20:31.986  INFO 18196 --- [main] trationDelegate$BeanPostProcessorChecker : Bean 'org.springframework.amqp.rabbit.annotation.RabbitBootstrapConfiguration' of type [org.springframework.amqp.rabbit.annotation.RabbitBootstrapConfiguration$$EnhancerBySpringCGLIB$$fe610cbc] is not eligible for getting processed by all BeanPostProcessors (for example: not eligible for auto-proxying)
2017-04-23 19:20:32.212  INFO 18196 --- [main] s.b.c.e.t.TomcatEmbeddedServletContainer : Tomcat initialized with port(s): 8080 (http)
2017-04-23 19:20:32.224  INFO 18196 --- [main] o.apache.catalina.core.StandardService   : Starting service Tomcat
2017-04-23 19:20:32.225  INFO 18196 --- [main] org.apache.catalina.core.StandardEngine  : Starting Servlet Engine: Apache Tomcat/8.5.11
2017-04-23 19:20:32.313  INFO 18196 --- [localhost-startStop-1] o.a.c.c.C.[Tomcat].[localhost].[/]       : Initializing Spring embedded WebApplicationContext
2017-04-23 19:20:32.314  INFO 18196 --- [localhost-startStop-1] o.s.web.context.ContextLoader            : Root WebApplicationContext: initialization completed in 1200 ms
2017-04-23 19:20:32.424  INFO 18196 --- [localhost-startStop-1] o.s.b.w.servlet.ServletRegistrationBean  : Mapping servlet: 'dispatcherServlet' to [/]
2017-04-23 19:20:32.429  INFO 18196 --- [localhost-startStop-1] o.s.b.w.servlet.FilterRegistrationBean   : Mapping filter: 'characterEncodingFilter' to: [/*]
2017-04-23 19:20:32.429  INFO 18196 --- [localhost-startStop-1] o.s.b.w.servlet.FilterRegistrationBean   : Mapping filter: 'hiddenHttpMethodFilter' to: [/*]
2017-04-23 19:20:32.430  INFO 18196 --- [localhost-startStop-1] o.s.b.w.servlet.FilterRegistrationBean   : Mapping filter: 'httpPutFormContentFilter' to: [/*]
2017-04-23 19:20:32.430  INFO 18196 --- [localhost-startStop-1] o.s.b.w.servlet.FilterRegistrationBean   : Mapping filter: 'requestContextFilter' to: [/*]
2017-04-23 19:20:32.796  INFO 18196 --- [main] s.w.s.m.m.a.RequestMappingHandlerAdapter : Looking for @ControllerAdvice: org.springframework.boot.context.embedded.AnnotationConfigEmbeddedWebApplicationContext@12d3a4e9: startup date [Sun Apr 23 19:20:31 CEST 2017]; root of context hierarchy
2017-04-23 19:20:32.862  INFO 18196 --- [main] s.w.s.m.m.a.RequestMappingHandlerMapping : Mapped "{[/sensor/measurement],methods=[POST]}" onto public void sensor.server.receive.web.rest.RestReceiveDataController.receive(java.util.Set<sensor.server.domain.DeviceMeasurements>,javax.servlet.http.HttpServletRequest)
2017-04-23 19:20:32.863  INFO 18196 --- [main] s.w.s.m.m.a.RequestMappingHandlerMapping : Mapped "{[/sensor/ping],methods=[GET]}" onto public java.lang.String sensor.server.receive.web.rest.RestReceiveDataController.ping()
2017-04-23 19:20:32.865  INFO 18196 --- [main] s.w.s.m.m.a.RequestMappingHandlerMapping : Mapped "{[/error],produces=[text/html]}" onto public org.springframework.web.servlet.ModelAndView org.springframework.boot.autoconfigure.web.BasicErrorController.errorHtml(javax.servlet.http.HttpServletRequest,javax.servlet.http.HttpServletResponse)
2017-04-23 19:20:32.865  INFO 18196 --- [main] s.w.s.m.m.a.RequestMappingHandlerMapping : Mapped "{[/error]}" onto public org.springframework.http.ResponseEntity<java.util.Map<java.lang.String, java.lang.Object>> org.springframework.boot.autoconfigure.web.BasicErrorController.error(javax.servlet.http.HttpServletRequest)
2017-04-23 19:20:32.899  INFO 18196 --- [main] o.s.w.s.handler.SimpleUrlHandlerMapping  : Mapped URL path [/webjars/**] onto handler of type [class org.springframework.web.servlet.resource.ResourceHttpRequestHandler]
2017-04-23 19:20:32.900  INFO 18196 --- [main] o.s.w.s.handler.SimpleUrlHandlerMapping  : Mapped URL path [/**] onto handler of type [class org.springframework.web.servlet.resource.ResourceHttpRequestHandler]
2017-04-23 19:20:32.940  INFO 18196 --- [main] o.s.w.s.handler.SimpleUrlHandlerMapping  : Mapped URL path [/**/favicon.ico] onto handler of type [class org.springframework.web.servlet.resource.ResourceHttpRequestHandler]
2017-04-23 19:20:33.234  INFO 18196 --- [main] o.s.j.e.a.AnnotationMBeanExporter        : Registering beans for JMX exposure on startup
2017-04-23 19:20:33.240  INFO 18196 --- [main] o.s.j.e.a.AnnotationMBeanExporter        : Bean with name 'rabbitConnectionFactory' has been autodetected for JMX exposure
2017-04-23 19:20:33.243  INFO 18196 --- [main] o.s.j.e.a.AnnotationMBeanExporter        : Located managed bean 'rabbitConnectionFactory': registering with JMX server as MBean [org.springframework.amqp.rabbit.connection:name=rabbitConnectionFactory,type=CachingConnectionFactory]
2017-04-23 19:20:33.257  INFO 18196 --- [main] o.s.c.support.DefaultLifecycleProcessor  : Starting beans in phase -2147482648
2017-04-23 19:20:33.258  INFO 18196 --- [main] o.s.c.support.DefaultLifecycleProcessor  : Starting beans in phase 2147483647
2017-04-23 19:20:33.295  INFO 18196 --- [main] s.b.c.e.t.TomcatEmbeddedServletContainer : Tomcat started on port(s): 8080 (http)
2017-04-23 19:20:33.298  INFO 18196 --- [main] s.server.receive.ServerReceiveDataApp    : Started ServerReceiveDataApp in 2.487 seconds (JVM running for 2.88)
2017-04-23 19:20:37.649  INFO 18196 --- [http-nio-8080-exec-1] o.a.c.c.C.[Tomcat].[localhost].[/]       : Initializing Spring FrameworkServlet 'dispatcherServlet'
2017-04-23 19:20:37.650  INFO 18196 --- [http-nio-8080-exec-1] o.s.web.servlet.DispatcherServlet        : FrameworkServlet 'dispatcherServlet': initialization started
2017-04-23 19:20:37.664  INFO 18196 --- [http-nio-8080-exec-1] o.s.web.servlet.DispatcherServlet        : FrameworkServlet 'dispatcherServlet': initialization completed in 14 ms
2017-04-23 19:20:37.761  INFO 18196 --- [http-nio-8080-exec-1] s.s.r.w.rest.RestReceiveDataController   : 0:0:0:0:0:0:0:1 - null - Received measurements [DeviceMeasurements(deviceId=1zb, measurements=[Measurement(type=TEMPERATURE, value=1.02, timing=2007-12-04T10:15:30)]), DeviceMeasurements(deviceId=1zc, measurements=[Measurement(type=TEMPERATURE, value=1.0, timing=2007-12-03T10:15:30), Measurement(type=TEMPERATURE, value=2.0, timing=2007-12-03T10:15:31)])]
2017-04-23 19:25:00.989  INFO 18196 --- [RMI TCP Connection(15)-127.0.0.1] inMXBeanRegistrar$SpringApplicationAdmin : Application shutdown requested.
2017-04-23 19:25:00.990  INFO 18196 --- [RMI TCP Connection(15)-127.0.0.1] ationConfigEmbeddedWebApplicationContext : Closing org.springframework.boot.context.embedded.AnnotationConfigEmbeddedWebApplicationContext@12d3a4e9: startup date [Sun Apr 23 19:20:31 CEST 2017]; root of context hierarchy
2017-04-23 19:25:00.992  INFO 18196 --- [RMI TCP Connection(15)-127.0.0.1] o.s.c.support.DefaultLifecycleProcessor  : Stopping beans in phase 2147483647
2017-04-23 19:25:00.993  INFO 18196 --- [RMI TCP Connection(15)-127.0.0.1] o.s.c.support.DefaultLifecycleProcessor  : Stopping beans in phase -2147482648
2017-04-23 19:25:00.994  INFO 18196 --- [RMI TCP Connection(15)-127.0.0.1] o.s.j.e.a.AnnotationMBeanExporter        : Unregistering JMX-exposed beans on shutdown
2017-04-23 19:25:00.995  INFO 18196 --- [RMI TCP Connection(15)-127.0.0.1] o.s.j.e.a.AnnotationMBeanExporter        : Unregistering JMX-exposed beans
2017-04-23 19:25:02.196  INFO 18549 --- [main] s.server.receive.ServerReceiveDataApp    : Starting ServerReceiveDataApp on tobias-W54-55SU1-SUW with PID 18549 (/home/tobias/Programs/Eclipse/workspace-sts/sensor-server-receive/target/classes started by tobias in /home/tobias/Programs/Eclipse/workspace-sts/sensor-server-receive)
2017-04-23 19:25:02.200 DEBUG 18549 --- [main] s.server.receive.ServerReceiveDataApp    : Running with Spring Boot v1.5.2.RELEASE, Spring v4.3.7.RELEASE
2017-04-23 19:25:02.201  INFO 18549 --- [main] s.server.receive.ServerReceiveDataApp    : No active profile set, falling back to default profiles: default
2017-04-23 19:25:02.274  INFO 18549 --- [main] ationConfigEmbeddedWebApplicationContext : Refreshing org.springframework.boot.context.embedded.AnnotationConfigEmbeddedWebApplicationContext@12d3a4e9: startup date [Sun Apr 23 19:25:02 CEST 2017]; root of context hierarchy
2017-04-23 19:25:03.129  INFO 18549 --- [main] trationDelegate$BeanPostProcessorChecker : Bean 'org.springframework.amqp.rabbit.annotation.RabbitBootstrapConfiguration' of type [org.springframework.amqp.rabbit.annotation.RabbitBootstrapConfiguration$$EnhancerBySpringCGLIB$$3066667d] is not eligible for getting processed by all BeanPostProcessors (for example: not eligible for auto-proxying)
2017-04-23 19:25:03.357  INFO 18549 --- [main] s.b.c.e.t.TomcatEmbeddedServletContainer : Tomcat initialized with port(s): 8080 (http)
2017-04-23 19:25:03.369  INFO 18549 --- [main] o.apache.catalina.core.StandardService   : Starting service Tomcat
2017-04-23 19:25:03.370  INFO 18549 --- [main] org.apache.catalina.core.StandardEngine  : Starting Servlet Engine: Apache Tomcat/8.5.11
2017-04-23 19:25:03.470  INFO 18549 --- [localhost-startStop-1] o.a.c.c.C.[Tomcat].[localhost].[/]       : Initializing Spring embedded WebApplicationContext
2017-04-23 19:25:03.470  INFO 18549 --- [localhost-startStop-1] o.s.web.context.ContextLoader            : Root WebApplicationContext: initialization completed in 1200 ms
2017-04-23 19:25:03.577  INFO 18549 --- [localhost-startStop-1] o.s.b.w.servlet.ServletRegistrationBean  : Mapping servlet: 'dispatcherServlet' to [/]
2017-04-23 19:25:03.582  INFO 18549 --- [localhost-startStop-1] o.s.b.w.servlet.FilterRegistrationBean   : Mapping filter: 'characterEncodingFilter' to: [/*]
2017-04-23 19:25:03.582  INFO 18549 --- [localhost-startStop-1] o.s.b.w.servlet.FilterRegistrationBean   : Mapping filter: 'hiddenHttpMethodFilter' to: [/*]
2017-04-23 19:25:03.583  INFO 18549 --- [localhost-startStop-1] o.s.b.w.servlet.FilterRegistrationBean   : Mapping filter: 'httpPutFormContentFilter' to: [/*]
2017-04-23 19:25:03.583  INFO 18549 --- [localhost-startStop-1] o.s.b.w.servlet.FilterRegistrationBean   : Mapping filter: 'requestContextFilter' to: [/*]
2017-04-23 19:25:03.713 DEBUG 18549 --- [main] s.s.r.s.activemq.ActiveMqConfiguration   : Initializing active mq topic sensor.server.receive
2017-04-23 19:25:03.948  INFO 18549 --- [main] s.w.s.m.m.a.RequestMappingHandlerAdapter : Looking for @ControllerAdvice: org.springframework.boot.context.embedded.AnnotationConfigEmbeddedWebApplicationContext@12d3a4e9: startup date [Sun Apr 23 19:25:02 CEST 2017]; root of context hierarchy
2017-04-23 19:25:04.013  INFO 18549 --- [main] s.w.s.m.m.a.RequestMappingHandlerMapping : Mapped "{[/sensor/measurement],methods=[POST]}" onto public void sensor.server.receive.web.rest.RestReceiveDataController.receive(java.util.Set<sensor.server.domain.DeviceMeasurements>,javax.servlet.http.HttpServletRequest)
2017-04-23 19:25:04.014  INFO 18549 --- [main] s.w.s.m.m.a.RequestMappingHandlerMapping : Mapped "{[/sensor/ping],methods=[GET]}" onto public java.lang.String sensor.server.receive.web.rest.RestReceiveDataController.ping()
2017-04-23 19:25:04.016  INFO 18549 --- [main] s.w.s.m.m.a.RequestMappingHandlerMapping : Mapped "{[/error],produces=[text/html]}" onto public org.springframework.web.servlet.ModelAndView org.springframework.boot.autoconfigure.web.BasicErrorController.errorHtml(javax.servlet.http.HttpServletRequest,javax.servlet.http.HttpServletResponse)
2017-04-23 19:25:04.017  INFO 18549 --- [main] s.w.s.m.m.a.RequestMappingHandlerMapping : Mapped "{[/error]}" onto public org.springframework.http.ResponseEntity<java.util.Map<java.lang.String, java.lang.Object>> org.springframework.boot.autoconfigure.web.BasicErrorController.error(javax.servlet.http.HttpServletRequest)
2017-04-23 19:25:04.047  INFO 18549 --- [main] o.s.w.s.handler.SimpleUrlHandlerMapping  : Mapped URL path [/webjars/**] onto handler of type [class org.springframework.web.servlet.resource.ResourceHttpRequestHandler]
2017-04-23 19:25:04.048  INFO 18549 --- [main] o.s.w.s.handler.SimpleUrlHandlerMapping  : Mapped URL path [/**] onto handler of type [class org.springframework.web.servlet.resource.ResourceHttpRequestHandler]
2017-04-23 19:25:04.083  INFO 18549 --- [main] o.s.w.s.handler.SimpleUrlHandlerMapping  : Mapped URL path [/**/favicon.ico] onto handler of type [class org.springframework.web.servlet.resource.ResourceHttpRequestHandler]
2017-04-23 19:25:04.362  INFO 18549 --- [main] o.s.j.e.a.AnnotationMBeanExporter        : Registering beans for JMX exposure on startup
2017-04-23 19:25:04.369  INFO 18549 --- [main] o.s.j.e.a.AnnotationMBeanExporter        : Bean with name 'rabbitConnectionFactory' has been autodetected for JMX exposure
2017-04-23 19:25:04.372  INFO 18549 --- [main] o.s.j.e.a.AnnotationMBeanExporter        : Located managed bean 'rabbitConnectionFactory': registering with JMX server as MBean [org.springframework.amqp.rabbit.connection:name=rabbitConnectionFactory,type=CachingConnectionFactory]
2017-04-23 19:25:04.386  INFO 18549 --- [main] o.s.c.support.DefaultLifecycleProcessor  : Starting beans in phase -2147482648
2017-04-23 19:25:04.386  INFO 18549 --- [main] o.s.c.support.DefaultLifecycleProcessor  : Starting beans in phase 2147483647
2017-04-23 19:25:04.420  INFO 18549 --- [main] s.b.c.e.t.TomcatEmbeddedServletContainer : Tomcat started on port(s): 8080 (http)
2017-04-23 19:25:04.424  INFO 18549 --- [main] s.server.receive.ServerReceiveDataApp    : Started ServerReceiveDataApp in 2.477 seconds (JVM running for 2.891)
2017-04-23 19:25:09.101  INFO 18549 --- [http-nio-8080-exec-2] o.a.c.c.C.[Tomcat].[localhost].[/]       : Initializing Spring FrameworkServlet 'dispatcherServlet'
2017-04-23 19:25:09.102  INFO 18549 --- [http-nio-8080-exec-2] o.s.web.servlet.DispatcherServlet        : FrameworkServlet 'dispatcherServlet': initialization started
2017-04-23 19:25:09.114  INFO 18549 --- [http-nio-8080-exec-2] o.s.web.servlet.DispatcherServlet        : FrameworkServlet 'dispatcherServlet': initialization completed in 12 ms
2017-04-23 19:25:09.208  INFO 18549 --- [http-nio-8080-exec-2] s.s.r.w.rest.RestReceiveDataController   : 0:0:0:0:0:0:0:1 - null - Received measurements [DeviceMeasurements(deviceId=1zb, measurements=[Measurement(type=TEMPERATURE, value=1.02, timing=2007-12-04T10:15:30)]), DeviceMeasurements(deviceId=1zc, measurements=[Measurement(type=TEMPERATURE, value=1.0, timing=2007-12-03T10:15:30), Measurement(type=TEMPERATURE, value=2.0, timing=2007-12-03T10:15:31)])]
2017-04-23 19:25:09.209  INFO 18549 --- [http-nio-8080-exec-2] s.s.r.s.a.ReceivedDataToActiveMqService  : Writing measurements to active mq
2017-04-23 19:25:09.209 DEBUG 18549 --- [http-nio-8080-exec-2] s.s.r.s.a.ReceivedDataToActiveMqService  : Active MQ topic topic://sensor.server.receive
2017-04-23 19:28:39.628  INFO 18549 --- [RMI TCP Connection(13)-127.0.0.1] inMXBeanRegistrar$SpringApplicationAdmin : Application shutdown requested.
2017-04-23 19:28:39.629  INFO 18549 --- [RMI TCP Connection(13)-127.0.0.1] ationConfigEmbeddedWebApplicationContext : Closing org.springframework.boot.context.embedded.AnnotationConfigEmbeddedWebApplicationContext@12d3a4e9: startup date [Sun Apr 23 19:25:02 CEST 2017]; root of context hierarchy
2017-04-23 19:28:39.631  INFO 18549 --- [RMI TCP Connection(13)-127.0.0.1] o.s.c.support.DefaultLifecycleProcessor  : Stopping beans in phase 2147483647
2017-04-23 19:28:39.631  INFO 18549 --- [RMI TCP Connection(13)-127.0.0.1] o.s.c.support.DefaultLifecycleProcessor  : Stopping beans in phase -2147482648
2017-04-23 19:28:39.632  INFO 18549 --- [RMI TCP Connection(13)-127.0.0.1] o.s.j.e.a.AnnotationMBeanExporter        : Unregistering JMX-exposed beans on shutdown
2017-04-23 19:28:39.633  INFO 18549 --- [RMI TCP Connection(13)-127.0.0.1] o.s.j.e.a.AnnotationMBeanExporter        : Unregistering JMX-exposed beans
2017-04-23 19:52:00.452  INFO 19911 --- [main] s.server.receive.ServerReceiveDataApp    : Starting ServerReceiveDataApp on tobias-W54-55SU1-SUW with PID 19911 (/home/tobias/Programs/Eclipse/workspace-sts/sensor-server-receive/target/classes started by tobias in /home/tobias/Programs/Eclipse/workspace-sts/sensor-server-receive)
2017-04-23 19:52:00.456 DEBUG 19911 --- [main] s.server.receive.ServerReceiveDataApp    : Running with Spring Boot v1.5.2.RELEASE, Spring v4.3.7.RELEASE
2017-04-23 19:52:00.456  INFO 19911 --- [main] s.server.receive.ServerReceiveDataApp    : No active profile set, falling back to default profiles: default
2017-04-23 19:52:00.521  INFO 19911 --- [main] ationConfigEmbeddedWebApplicationContext : Refreshing org.springframework.boot.context.embedded.AnnotationConfigEmbeddedWebApplicationContext@12d3a4e9: startup date [Sun Apr 23 19:52:00 CEST 2017]; root of context hierarchy
2017-04-23 19:52:01.422  INFO 19911 --- [main] trationDelegate$BeanPostProcessorChecker : Bean 'org.springframework.amqp.rabbit.annotation.RabbitBootstrapConfiguration' of type [org.springframework.amqp.rabbit.annotation.RabbitBootstrapConfiguration$$EnhancerBySpringCGLIB$$3066667d] is not eligible for getting processed by all BeanPostProcessors (for example: not eligible for auto-proxying)
2017-04-23 19:52:01.662  INFO 19911 --- [main] s.b.c.e.t.TomcatEmbeddedServletContainer : Tomcat initialized with port(s): 8080 (http)
2017-04-23 19:52:01.673  INFO 19911 --- [main] o.apache.catalina.core.StandardService   : Starting service Tomcat
2017-04-23 19:52:01.674  INFO 19911 --- [main] org.apache.catalina.core.StandardEngine  : Starting Servlet Engine: Apache Tomcat/8.5.11
2017-04-23 19:52:01.787  INFO 19911 --- [localhost-startStop-1] o.a.c.c.C.[Tomcat].[localhost].[/]       : Initializing Spring embedded WebApplicationContext
2017-04-23 19:52:01.787  INFO 19911 --- [localhost-startStop-1] o.s.web.context.ContextLoader            : Root WebApplicationContext: initialization completed in 1269 ms
2017-04-23 19:52:01.948  INFO 19911 --- [localhost-startStop-1] o.s.b.w.servlet.ServletRegistrationBean  : Mapping servlet: 'dispatcherServlet' to [/]
2017-04-23 19:52:01.952  INFO 19911 --- [localhost-startStop-1] o.s.b.w.servlet.FilterRegistrationBean   : Mapping filter: 'characterEncodingFilter' to: [/*]
2017-04-23 19:52:01.952  INFO 19911 --- [localhost-startStop-1] o.s.b.w.servlet.FilterRegistrationBean   : Mapping filter: 'hiddenHttpMethodFilter' to: [/*]
2017-04-23 19:52:01.952  INFO 19911 --- [localhost-startStop-1] o.s.b.w.servlet.FilterRegistrationBean   : Mapping filter: 'httpPutFormContentFilter' to: [/*]
2017-04-23 19:52:01.953  INFO 19911 --- [localhost-startStop-1] o.s.b.w.servlet.FilterRegistrationBean   : Mapping filter: 'requestContextFilter' to: [/*]
2017-04-23 19:52:02.089 DEBUG 19911 --- [main] s.s.r.s.activemq.ActiveMqConfiguration   : Initializing active mq topic sensor.server.receive
2017-04-23 19:52:02.100 DEBUG 19911 --- [main] s.s.r.s.a.ReceivedDataToActiveMqService  : Creating service for publishing measurements to active mq - org.springframework.jms.core.JmsMessagingTemplate@e24ddd0 - topic://sensor.server.receive
2017-04-23 19:52:02.340  INFO 19911 --- [main] s.w.s.m.m.a.RequestMappingHandlerAdapter : Looking for @ControllerAdvice: org.springframework.boot.context.embedded.AnnotationConfigEmbeddedWebApplicationContext@12d3a4e9: startup date [Sun Apr 23 19:52:00 CEST 2017]; root of context hierarchy
2017-04-23 19:52:02.414  INFO 19911 --- [main] s.w.s.m.m.a.RequestMappingHandlerMapping : Mapped "{[/sensor/measurement],methods=[POST]}" onto public void sensor.server.receive.web.rest.RestReceiveDataController.receive(java.util.Set<sensor.server.domain.DeviceMeasurements>,javax.servlet.http.HttpServletRequest)
2017-04-23 19:52:02.415  INFO 19911 --- [main] s.w.s.m.m.a.RequestMappingHandlerMapping : Mapped "{[/sensor/ping],methods=[GET]}" onto public java.lang.String sensor.server.receive.web.rest.RestReceiveDataController.ping()
2017-04-23 19:52:02.418  INFO 19911 --- [main] s.w.s.m.m.a.RequestMappingHandlerMapping : Mapped "{[/error],produces=[text/html]}" onto public org.springframework.web.servlet.ModelAndView org.springframework.boot.autoconfigure.web.BasicErrorController.errorHtml(javax.servlet.http.HttpServletRequest,javax.servlet.http.HttpServletResponse)
2017-04-23 19:52:02.419  INFO 19911 --- [main] s.w.s.m.m.a.RequestMappingHandlerMapping : Mapped "{[/error]}" onto public org.springframework.http.ResponseEntity<java.util.Map<java.lang.String, java.lang.Object>> org.springframework.boot.autoconfigure.web.BasicErrorController.error(javax.servlet.http.HttpServletRequest)
2017-04-23 19:52:02.455  INFO 19911 --- [main] o.s.w.s.handler.SimpleUrlHandlerMapping  : Mapped URL path [/webjars/**] onto handler of type [class org.springframework.web.servlet.resource.ResourceHttpRequestHandler]
2017-04-23 19:52:02.455  INFO 19911 --- [main] o.s.w.s.handler.SimpleUrlHandlerMapping  : Mapped URL path [/**] onto handler of type [class org.springframework.web.servlet.resource.ResourceHttpRequestHandler]
2017-04-23 19:52:02.498  INFO 19911 --- [main] o.s.w.s.handler.SimpleUrlHandlerMapping  : Mapped URL path [/**/favicon.ico] onto handler of type [class org.springframework.web.servlet.resource.ResourceHttpRequestHandler]
2017-04-23 19:52:02.864  INFO 19911 --- [main] o.s.j.e.a.AnnotationMBeanExporter        : Registering beans for JMX exposure on startup
2017-04-23 19:52:02.874  INFO 19911 --- [main] o.s.j.e.a.AnnotationMBeanExporter        : Bean with name 'rabbitConnectionFactory' has been autodetected for JMX exposure
2017-04-23 19:52:02.877  INFO 19911 --- [main] o.s.j.e.a.AnnotationMBeanExporter        : Located managed bean 'rabbitConnectionFactory': registering with JMX server as MBean [org.springframework.amqp.rabbit.connection:name=rabbitConnectionFactory,type=CachingConnectionFactory]
2017-04-23 19:52:02.899  INFO 19911 --- [main] o.s.c.support.DefaultLifecycleProcessor  : Starting beans in phase -2147482648
2017-04-23 19:52:02.899  INFO 19911 --- [main] o.s.c.support.DefaultLifecycleProcessor  : Starting beans in phase 2147483647
2017-04-23 19:52:02.949  INFO 19911 --- [main] s.b.c.e.t.TomcatEmbeddedServletContainer : Tomcat started on port(s): 8080 (http)
2017-04-23 19:52:02.954  INFO 19911 --- [main] s.server.receive.ServerReceiveDataApp    : Started ServerReceiveDataApp in 2.751 seconds (JVM running for 3.11)
2017-04-23 19:55:58.477  INFO 19911 --- [RMI TCP Connection(13)-127.0.0.1] inMXBeanRegistrar$SpringApplicationAdmin : Application shutdown requested.
2017-04-23 19:55:58.477  INFO 19911 --- [RMI TCP Connection(13)-127.0.0.1] ationConfigEmbeddedWebApplicationContext : Closing org.springframework.boot.context.embedded.AnnotationConfigEmbeddedWebApplicationContext@12d3a4e9: startup date [Sun Apr 23 19:52:00 CEST 2017]; root of context hierarchy
2017-04-23 19:55:58.479  INFO 19911 --- [RMI TCP Connection(13)-127.0.0.1] o.s.c.support.DefaultLifecycleProcessor  : Stopping beans in phase 2147483647
2017-04-23 19:55:58.479  INFO 19911 --- [RMI TCP Connection(13)-127.0.0.1] o.s.c.support.DefaultLifecycleProcessor  : Stopping beans in phase -2147482648
2017-04-23 19:55:58.481  INFO 19911 --- [RMI TCP Connection(13)-127.0.0.1] o.s.j.e.a.AnnotationMBeanExporter        : Unregistering JMX-exposed beans on shutdown
2017-04-23 19:55:58.482  INFO 19911 --- [RMI TCP Connection(13)-127.0.0.1] o.s.j.e.a.AnnotationMBeanExporter        : Unregistering JMX-exposed beans
2017-04-23 19:55:59.997  INFO 20462 --- [main] s.server.receive.ServerReceiveDataApp    : Starting ServerReceiveDataApp on tobias-W54-55SU1-SUW with PID 20462 (/home/tobias/Programs/Eclipse/workspace-sts/sensor-server-receive/target/classes started by tobias in /home/tobias/Programs/Eclipse/workspace-sts/sensor-server-receive)
2017-04-23 19:55:59.999 DEBUG 20462 --- [main] s.server.receive.ServerReceiveDataApp    : Running with Spring Boot v1.5.2.RELEASE, Spring v4.3.7.RELEASE
2017-04-23 19:56:00.000  INFO 20462 --- [main] s.server.receive.ServerReceiveDataApp    : No active profile set, falling back to default profiles: default
2017-04-23 19:56:00.102  INFO 20462 --- [main] ationConfigEmbeddedWebApplicationContext : Refreshing org.springframework.boot.context.embedded.AnnotationConfigEmbeddedWebApplicationContext@12d3a4e9: startup date [Sun Apr 23 19:56:00 CEST 2017]; root of context hierarchy
2017-04-23 19:56:01.333  INFO 20462 --- [main] trationDelegate$BeanPostProcessorChecker : Bean 'org.springframework.amqp.rabbit.annotation.RabbitBootstrapConfiguration' of type [org.springframework.amqp.rabbit.annotation.RabbitBootstrapConfiguration$$EnhancerBySpringCGLIB$$5d0e7003] is not eligible for getting processed by all BeanPostProcessors (for example: not eligible for auto-proxying)
2017-04-23 19:56:01.656  INFO 20462 --- [main] s.b.c.e.t.TomcatEmbeddedServletContainer : Tomcat initialized with port(s): 8080 (http)
2017-04-23 19:56:01.689  INFO 20462 --- [main] o.apache.catalina.core.StandardService   : Starting service Tomcat
2017-04-23 19:56:01.691  INFO 20462 --- [main] org.apache.catalina.core.StandardEngine  : Starting Servlet Engine: Apache Tomcat/8.5.11
2017-04-23 19:56:01.819  INFO 20462 --- [localhost-startStop-1] o.a.c.c.C.[Tomcat].[localhost].[/]       : Initializing Spring embedded WebApplicationContext
2017-04-23 19:56:01.820  INFO 20462 --- [localhost-startStop-1] o.s.web.context.ContextLoader            : Root WebApplicationContext: initialization completed in 1721 ms
2017-04-23 19:56:01.970  INFO 20462 --- [localhost-startStop-1] o.s.b.w.servlet.ServletRegistrationBean  : Mapping servlet: 'dispatcherServlet' to [/]
2017-04-23 19:56:01.975  INFO 20462 --- [localhost-startStop-1] o.s.b.w.servlet.FilterRegistrationBean   : Mapping filter: 'characterEncodingFilter' to: [/*]
2017-04-23 19:56:01.976  INFO 20462 --- [localhost-startStop-1] o.s.b.w.servlet.FilterRegistrationBean   : Mapping filter: 'hiddenHttpMethodFilter' to: [/*]
2017-04-23 19:56:01.976  INFO 20462 --- [localhost-startStop-1] o.s.b.w.servlet.FilterRegistrationBean   : Mapping filter: 'httpPutFormContentFilter' to: [/*]
2017-04-23 19:56:01.977  INFO 20462 --- [localhost-startStop-1] o.s.b.w.servlet.FilterRegistrationBean   : Mapping filter: 'requestContextFilter' to: [/*]
2017-04-23 19:56:02.156 DEBUG 20462 --- [main] s.s.r.s.activemq.ActiveMqConfiguration   : Initializing active mq topic sensor.server.receive
2017-04-23 19:56:02.173 DEBUG 20462 --- [main] s.s.r.s.a.ReceivedDataToActiveMqService  : Creating service for publishing measurements to active mq - org.springframework.jms.core.JmsMessagingTemplate@3591009c - topic://sensor.server.receive
2017-04-23 19:56:02.490  INFO 20462 --- [main] s.w.s.m.m.a.RequestMappingHandlerAdapter : Looking for @ControllerAdvice: org.springframework.boot.context.embedded.AnnotationConfigEmbeddedWebApplicationContext@12d3a4e9: startup date [Sun Apr 23 19:56:00 CEST 2017]; root of context hierarchy
2017-04-23 19:56:02.605  INFO 20462 --- [main] s.w.s.m.m.a.RequestMappingHandlerMapping : Mapped "{[/sensor/measurement],methods=[POST]}" onto public void sensor.server.receive.web.rest.RestReceiveDataController.receive(java.util.Set<sensor.server.shared.model.DeviceMeasurements>,javax.servlet.http.HttpServletRequest)
2017-04-23 19:56:02.607  INFO 20462 --- [main] s.w.s.m.m.a.RequestMappingHandlerMapping : Mapped "{[/sensor/ping],methods=[GET]}" onto public java.lang.String sensor.server.receive.web.rest.RestReceiveDataController.ping()
2017-04-23 19:56:02.610  INFO 20462 --- [main] s.w.s.m.m.a.RequestMappingHandlerMapping : Mapped "{[/error],produces=[text/html]}" onto public org.springframework.web.servlet.ModelAndView org.springframework.boot.autoconfigure.web.BasicErrorController.errorHtml(javax.servlet.http.HttpServletRequest,javax.servlet.http.HttpServletResponse)
2017-04-23 19:56:02.611  INFO 20462 --- [main] s.w.s.m.m.a.RequestMappingHandlerMapping : Mapped "{[/error]}" onto public org.springframework.http.ResponseEntity<java.util.Map<java.lang.String, java.lang.Object>> org.springframework.boot.autoconfigure.web.BasicErrorController.error(javax.servlet.http.HttpServletRequest)
2017-04-23 19:56:02.663  INFO 20462 --- [main] o.s.w.s.handler.SimpleUrlHandlerMapping  : Mapped URL path [/webjars/**] onto handler of type [class org.springframework.web.servlet.resource.ResourceHttpRequestHandler]
2017-04-23 19:56:02.663  INFO 20462 --- [main] o.s.w.s.handler.SimpleUrlHandlerMapping  : Mapped URL path [/**] onto handler of type [class org.springframework.web.servlet.resource.ResourceHttpRequestHandler]
2017-04-23 19:56:02.715  INFO 20462 --- [main] o.s.w.s.handler.SimpleUrlHandlerMapping  : Mapped URL path [/**/favicon.ico] onto handler of type [class org.springframework.web.servlet.resource.ResourceHttpRequestHandler]
2017-04-23 19:56:03.269  INFO 20462 --- [main] o.s.j.e.a.AnnotationMBeanExporter        : Registering beans for JMX exposure on startup
2017-04-23 19:56:03.285  INFO 20462 --- [main] o.s.j.e.a.AnnotationMBeanExporter        : Bean with name 'rabbitConnectionFactory' has been autodetected for JMX exposure
2017-04-23 19:56:03.289  INFO 20462 --- [main] o.s.j.e.a.AnnotationMBeanExporter        : Located managed bean 'rabbitConnectionFactory': registering with JMX server as MBean [org.springframework.amqp.rabbit.connection:name=rabbitConnectionFactory,type=CachingConnectionFactory]
2017-04-23 19:56:03.325  INFO 20462 --- [main] o.s.c.support.DefaultLifecycleProcessor  : Starting beans in phase -2147482648
2017-04-23 19:56:03.335  INFO 20462 --- [main] o.s.c.support.DefaultLifecycleProcessor  : Starting beans in phase 2147483647
2017-04-23 19:56:03.426  INFO 20462 --- [main] s.b.c.e.t.TomcatEmbeddedServletContainer : Tomcat started on port(s): 8080 (http)
2017-04-23 19:56:03.433  INFO 20462 --- [main] s.server.receive.ServerReceiveDataApp    : Started ServerReceiveDataApp in 3.829 seconds (JVM running for 4.388)
2017-04-23 19:56:07.802  INFO 20462 --- [http-nio-8080-exec-2] o.a.c.c.C.[Tomcat].[localhost].[/]       : Initializing Spring FrameworkServlet 'dispatcherServlet'
2017-04-23 19:56:07.802  INFO 20462 --- [http-nio-8080-exec-2] o.s.web.servlet.DispatcherServlet        : FrameworkServlet 'dispatcherServlet': initialization started
2017-04-23 19:56:07.813  INFO 20462 --- [http-nio-8080-exec-2] o.s.web.servlet.DispatcherServlet        : FrameworkServlet 'dispatcherServlet': initialization completed in 11 ms
2017-04-23 19:56:07.902  INFO 20462 --- [http-nio-8080-exec-2] s.s.r.w.rest.RestReceiveDataController   : 0:0:0:0:0:0:0:1 - null - Received measurements [DeviceMeasurements(deviceId=1zb, measurements=[Measurement(type=TEMPERATURE, value=1.02, timing=2007-12-04T10:15:30)]), DeviceMeasurements(deviceId=1zc, measurements=[Measurement(type=TEMPERATURE, value=1.0, timing=2007-12-03T10:15:30), Measurement(type=TEMPERATURE, value=2.0, timing=2007-12-03T10:15:31)])]
2017-04-23 19:56:07.903  INFO 20462 --- [http-nio-8080-exec-2] s.s.r.s.a.ReceivedDataToActiveMqService  : Publish measurements to active mq
2017-04-23 19:56:07.903 DEBUG 20462 --- [http-nio-8080-exec-2] s.s.r.s.a.ReceivedDataToActiveMqService  : Active MQ topic topic://sensor.server.receive
2017-04-23 19:56:58.625  INFO 20462 --- [http-nio-8080-exec-3] s.s.r.w.rest.RestReceiveDataController   : 0:0:0:0:0:0:0:1 - null - Received measurements [DeviceMeasurements(deviceId=1zb, measurements=[Measurement(type=TEMPERATURE, value=1.02, timing=2007-12-04T10:15:30)]), DeviceMeasurements(deviceId=1zc, measurements=[Measurement(type=TEMPERATURE, value=1.0, timing=2007-12-03T10:15:30), Measurement(type=TEMPERATURE, value=2.0, timing=2007-12-03T10:15:31)])]
2017-04-23 19:56:58.625  INFO 20462 --- [http-nio-8080-exec-3] s.s.r.s.a.ReceivedDataToActiveMqService  : Publish measurements to active mq
2017-04-23 19:56:58.625 DEBUG 20462 --- [http-nio-8080-exec-3] s.s.r.s.a.ReceivedDataToActiveMqService  : Active MQ topic topic://sensor.server.receive
2017-04-23 20:00:49.018  INFO 20462 --- [RMI TCP Connection(12)-127.0.0.1] inMXBeanRegistrar$SpringApplicationAdmin : Application shutdown requested.
2017-04-23 20:00:49.019  INFO 20462 --- [RMI TCP Connection(12)-127.0.0.1] ationConfigEmbeddedWebApplicationContext : Closing org.springframework.boot.context.embedded.AnnotationConfigEmbeddedWebApplicationContext@12d3a4e9: startup date [Sun Apr 23 19:56:00 CEST 2017]; root of context hierarchy
2017-04-23 20:00:49.022  INFO 20462 --- [RMI TCP Connection(12)-127.0.0.1] o.s.c.support.DefaultLifecycleProcessor  : Stopping beans in phase 2147483647
2017-04-23 20:00:49.022  INFO 20462 --- [RMI TCP Connection(12)-127.0.0.1] o.s.c.support.DefaultLifecycleProcessor  : Stopping beans in phase -2147482648
2017-04-23 20:00:49.024  INFO 20462 --- [RMI TCP Connection(12)-127.0.0.1] o.s.j.e.a.AnnotationMBeanExporter        : Unregistering JMX-exposed beans on shutdown
2017-04-23 20:00:49.024  INFO 20462 --- [RMI TCP Connection(12)-127.0.0.1] o.s.j.e.a.AnnotationMBeanExporter        : Unregistering JMX-exposed beans
2017-04-23 20:11:26.722  INFO 21485 --- [main] s.server.receive.ServerReceiveDataApp    : Starting ServerReceiveDataApp on tobias-W54-55SU1-SUW with PID 21485 (/home/tobias/Programs/Eclipse/workspace-sts/sensor/sensor-server-receive/target/classes started by tobias in /home/tobias/Programs/Eclipse/workspace-sts/sensor/sensor-server-receive)
2017-04-23 20:11:26.726 DEBUG 21485 --- [main] s.server.receive.ServerReceiveDataApp    : Running with Spring Boot v1.5.2.RELEASE, Spring v4.3.7.RELEASE
2017-04-23 20:11:26.727  INFO 21485 --- [main] s.server.receive.ServerReceiveDataApp    : No active profile set, falling back to default profiles: default
2017-04-23 20:11:26.804  INFO 21485 --- [main] ationConfigEmbeddedWebApplicationContext : Refreshing org.springframework.boot.context.embedded.AnnotationConfigEmbeddedWebApplicationContext@12d3a4e9: startup date [Sun Apr 23 20:11:26 CEST 2017]; root of context hierarchy
2017-04-23 20:11:27.660  INFO 21485 --- [main] trationDelegate$BeanPostProcessorChecker : Bean 'org.springframework.amqp.rabbit.annotation.RabbitBootstrapConfiguration' of type [org.springframework.amqp.rabbit.annotation.RabbitBootstrapConfiguration$$EnhancerBySpringCGLIB$$3066667d] is not eligible for getting processed by all BeanPostProcessors (for example: not eligible for auto-proxying)
2017-04-23 20:11:27.900  INFO 21485 --- [main] s.b.c.e.t.TomcatEmbeddedServletContainer : Tomcat initialized with port(s): 8080 (http)
2017-04-23 20:11:27.914  INFO 21485 --- [main] o.apache.catalina.core.StandardService   : Starting service Tomcat
2017-04-23 20:11:27.915  INFO 21485 --- [main] org.apache.catalina.core.StandardEngine  : Starting Servlet Engine: Apache Tomcat/8.5.11
2017-04-23 20:11:28.026  INFO 21485 --- [localhost-startStop-1] o.a.c.c.C.[Tomcat].[localhost].[/]       : Initializing Spring embedded WebApplicationContext
2017-04-23 20:11:28.026  INFO 21485 --- [localhost-startStop-1] o.s.web.context.ContextLoader            : Root WebApplicationContext: initialization completed in 1224 ms
2017-04-23 20:11:28.146  INFO 21485 --- [localhost-startStop-1] o.s.b.w.servlet.ServletRegistrationBean  : Mapping servlet: 'dispatcherServlet' to [/]
2017-04-23 20:11:28.150  INFO 21485 --- [localhost-startStop-1] o.s.b.w.servlet.FilterRegistrationBean   : Mapping filter: 'characterEncodingFilter' to: [/*]
2017-04-23 20:11:28.150  INFO 21485 --- [localhost-startStop-1] o.s.b.w.servlet.FilterRegistrationBean   : Mapping filter: 'hiddenHttpMethodFilter' to: [/*]
2017-04-23 20:11:28.150  INFO 21485 --- [localhost-startStop-1] o.s.b.w.servlet.FilterRegistrationBean   : Mapping filter: 'httpPutFormContentFilter' to: [/*]
2017-04-23 20:11:28.150  INFO 21485 --- [localhost-startStop-1] o.s.b.w.servlet.FilterRegistrationBean   : Mapping filter: 'requestContextFilter' to: [/*]
2017-04-23 20:11:28.296 DEBUG 21485 --- [main] s.s.r.s.activemq.ActiveMqConfiguration   : Initializing active mq topic sensor.server.receive
2017-04-23 20:11:28.308 DEBUG 21485 --- [main] s.s.r.s.a.ReceivedDataToActiveMqService  : Creating service for publishing measurements to active mq - org.springframework.jms.core.JmsMessagingTemplate@e24ddd0 - topic://sensor.server.receive
2017-04-23 20:11:28.549  INFO 21485 --- [main] s.w.s.m.m.a.RequestMappingHandlerAdapter : Looking for @ControllerAdvice: org.springframework.boot.context.embedded.AnnotationConfigEmbeddedWebApplicationContext@12d3a4e9: startup date [Sun Apr 23 20:11:26 CEST 2017]; root of context hierarchy
2017-04-23 20:11:28.617  INFO 21485 --- [main] s.w.s.m.m.a.RequestMappingHandlerMapping : Mapped "{[/sensor/measurement],methods=[POST]}" onto public void sensor.server.receive.web.rest.RestReceiveDataController.receive(java.util.Set<sensor.server.shared.model.DeviceMeasurements>,javax.servlet.http.HttpServletRequest)
2017-04-23 20:11:28.619  INFO 21485 --- [main] s.w.s.m.m.a.RequestMappingHandlerMapping : Mapped "{[/sensor/ping],methods=[GET]}" onto public java.lang.String sensor.server.receive.web.rest.RestReceiveDataController.ping()
2017-04-23 20:11:28.621  INFO 21485 --- [main] s.w.s.m.m.a.RequestMappingHandlerMapping : Mapped "{[/error],produces=[text/html]}" onto public org.springframework.web.servlet.ModelAndView org.springframework.boot.autoconfigure.web.BasicErrorController.errorHtml(javax.servlet.http.HttpServletRequest,javax.servlet.http.HttpServletResponse)
2017-04-23 20:11:28.622  INFO 21485 --- [main] s.w.s.m.m.a.RequestMappingHandlerMapping : Mapped "{[/error]}" onto public org.springframework.http.ResponseEntity<java.util.Map<java.lang.String, java.lang.Object>> org.springframework.boot.autoconfigure.web.BasicErrorController.error(javax.servlet.http.HttpServletRequest)
2017-04-23 20:11:28.654  INFO 21485 --- [main] o.s.w.s.handler.SimpleUrlHandlerMapping  : Mapped URL path [/webjars/**] onto handler of type [class org.springframework.web.servlet.resource.ResourceHttpRequestHandler]
2017-04-23 20:11:28.654  INFO 21485 --- [main] o.s.w.s.handler.SimpleUrlHandlerMapping  : Mapped URL path [/**] onto handler of type [class org.springframework.web.servlet.resource.ResourceHttpRequestHandler]
2017-04-23 20:11:28.688  INFO 21485 --- [main] o.s.w.s.handler.SimpleUrlHandlerMapping  : Mapped URL path [/**/favicon.ico] onto handler of type [class org.springframework.web.servlet.resource.ResourceHttpRequestHandler]
2017-04-23 20:11:28.973  INFO 21485 --- [main] o.s.j.e.a.AnnotationMBeanExporter        : Registering beans for JMX exposure on startup
2017-04-23 20:11:28.980  INFO 21485 --- [main] o.s.j.e.a.AnnotationMBeanExporter        : Bean with name 'rabbitConnectionFactory' has been autodetected for JMX exposure
2017-04-23 20:11:28.982  INFO 21485 --- [main] o.s.j.e.a.AnnotationMBeanExporter        : Located managed bean 'rabbitConnectionFactory': registering with JMX server as MBean [org.springframework.amqp.rabbit.connection:name=rabbitConnectionFactory,type=CachingConnectionFactory]
2017-04-23 20:11:29.000  INFO 21485 --- [main] o.s.c.support.DefaultLifecycleProcessor  : Starting beans in phase -2147482648
2017-04-23 20:11:29.000  INFO 21485 --- [main] o.s.c.support.DefaultLifecycleProcessor  : Starting beans in phase 2147483647
2017-04-23 20:11:29.040  INFO 21485 --- [main] s.b.c.e.t.TomcatEmbeddedServletContainer : Tomcat started on port(s): 8080 (http)
2017-04-23 20:11:29.044  INFO 21485 --- [main] s.server.receive.ServerReceiveDataApp    : Started ServerReceiveDataApp in 2.573 seconds (JVM running for 2.941)
2017-04-23 20:25:01.137  INFO 21485 --- [http-nio-8080-exec-1] o.a.c.c.C.[Tomcat].[localhost].[/]       : Initializing Spring FrameworkServlet 'dispatcherServlet'
2017-04-23 20:25:01.138  INFO 21485 --- [http-nio-8080-exec-1] o.s.web.servlet.DispatcherServlet        : FrameworkServlet 'dispatcherServlet': initialization started
2017-04-23 20:25:01.154  INFO 21485 --- [http-nio-8080-exec-1] o.s.web.servlet.DispatcherServlet        : FrameworkServlet 'dispatcherServlet': initialization completed in 16 ms
2017-04-23 20:25:01.254  INFO 21485 --- [http-nio-8080-exec-1] s.s.r.w.rest.RestReceiveDataController   : 0:0:0:0:0:0:0:1 - null - Received measurements [DeviceMeasurements(deviceId=1zc, measurements=[Measurement(type=TEMPERATURE, value=1.0, timing=2007-12-03T10:15:30), Measurement(type=TEMPERATURE, value=2.0, timing=2007-12-03T10:15:31)]), DeviceMeasurements(deviceId=1zb, measurements=[Measurement(type=TEMPERATURE, value=1.02, timing=2007-12-04T10:15:30)])]
2017-04-23 20:25:01.254  INFO 21485 --- [http-nio-8080-exec-1] s.s.r.s.a.ReceivedDataToActiveMqService  : Publish measurements to active mq
2017-04-23 20:25:01.254 DEBUG 21485 --- [http-nio-8080-exec-1] s.s.r.s.a.ReceivedDataToActiveMqService  : Active MQ topic topic://sensor.server.receive
2017-04-23 20:34:33.148  INFO 21485 --- [http-nio-8080-exec-5] s.s.r.w.rest.RestReceiveDataController   : 0:0:0:0:0:0:0:1 - null - Received measurements [DeviceMeasurements(deviceId=1zc, measurements=[Measurement(type=TEMPERATURE, value=1.0, timing=2007-12-03T10:15:30), Measurement(type=TEMPERATURE, value=2.0, timing=2007-12-03T10:15:31)]), DeviceMeasurements(deviceId=1zb, measurements=[Measurement(type=TEMPERATURE, value=1.02, timing=2007-12-04T10:15:30)])]
2017-04-23 20:34:33.149  INFO 21485 --- [http-nio-8080-exec-5] s.s.r.s.a.ReceivedDataToActiveMqService  : Publish measurements to active mq
2017-04-23 20:34:33.149 DEBUG 21485 --- [http-nio-8080-exec-5] s.s.r.s.a.ReceivedDataToActiveMqService  : Active MQ topic topic://sensor.server.receive
2017-04-23 20:38:24.900  INFO 21485 --- [http-nio-8080-exec-8] s.s.r.w.rest.RestReceiveDataController   : 0:0:0:0:0:0:0:1 - null - Received measurements [DeviceMeasurements(deviceId=1zc, measurements=[Measurement(type=TEMPERATURE, value=1.0, timing=2007-12-03T10:15:30), Measurement(type=TEMPERATURE, value=2.0, timing=2007-12-03T10:15:31)]), DeviceMeasurements(deviceId=1zb, measurements=[Measurement(type=TEMPERATURE, value=1.02, timing=2007-12-04T10:15:30)])]
2017-04-23 20:38:24.901  INFO 21485 --- [http-nio-8080-exec-8] s.s.r.s.a.ReceivedDataToActiveMqService  : Publish measurements to active mq
2017-04-23 20:38:24.901 DEBUG 21485 --- [http-nio-8080-exec-8] s.s.r.s.a.ReceivedDataToActiveMqService  : Active MQ topic topic://sensor.server.receive
2017-04-23 20:40:52.207  INFO 21485 --- [http-nio-8080-exec-2] s.s.r.w.rest.RestReceiveDataController   : 0:0:0:0:0:0:0:1 - null - Received measurements [DeviceMeasurements(deviceId=1zc, measurements=[Measurement(type=TEMPERATURE, value=1.0, timing=2007-12-03T10:15:30), Measurement(type=TEMPERATURE, value=2.0, timing=2007-12-03T10:15:31)]), DeviceMeasurements(deviceId=1zb, measurements=[Measurement(type=TEMPERATURE, value=1.02, timing=2007-12-04T10:15:30)])]
2017-04-23 20:40:52.207  INFO 21485 --- [http-nio-8080-exec-2] s.s.r.s.a.ReceivedDataToActiveMqService  : Publish measurements to active mq
2017-04-23 20:40:52.207 DEBUG 21485 --- [http-nio-8080-exec-2] s.s.r.s.a.ReceivedDataToActiveMqService  : Active MQ topic topic://sensor.server.receive
2017-04-23 20:44:30.860  INFO 21485 --- [RMI TCP Connection(42)-127.0.0.1] inMXBeanRegistrar$SpringApplicationAdmin : Application shutdown requested.
2017-04-23 20:44:30.860  INFO 21485 --- [RMI TCP Connection(42)-127.0.0.1] ationConfigEmbeddedWebApplicationContext : Closing org.springframework.boot.context.embedded.AnnotationConfigEmbeddedWebApplicationContext@12d3a4e9: startup date [Sun Apr 23 20:11:26 CEST 2017]; root of context hierarchy
2017-04-23 20:44:30.862  INFO 21485 --- [RMI TCP Connection(42)-127.0.0.1] o.s.c.support.DefaultLifecycleProcessor  : Stopping beans in phase 2147483647
2017-04-23 20:44:30.862  INFO 21485 --- [RMI TCP Connection(42)-127.0.0.1] o.s.c.support.DefaultLifecycleProcessor  : Stopping beans in phase -2147482648
2017-04-23 20:44:30.864  INFO 21485 --- [RMI TCP Connection(42)-127.0.0.1] o.s.j.e.a.AnnotationMBeanExporter        : Unregistering JMX-exposed beans on shutdown
2017-04-23 20:44:30.864  INFO 21485 --- [RMI TCP Connection(42)-127.0.0.1] o.s.j.e.a.AnnotationMBeanExporter        : Unregistering JMX-exposed beans
2017-04-23 21:26:04.386  INFO 28823 --- [main] s.server.receive.ServerReceiveDataApp    : Starting ServerReceiveDataApp on tobias-W54-55SU1-SUW with PID 28823 (/home/tobias/Programs/Eclipse/workspace-sts/sensor/server/sensor-server-receive/target/classes started by tobias in /home/tobias/Programs/Eclipse/workspace-sts/sensor/server/sensor-server-receive)
2017-04-23 21:26:04.390 DEBUG 28823 --- [main] s.server.receive.ServerReceiveDataApp    : Running with Spring Boot v1.5.2.RELEASE, Spring v4.3.7.RELEASE
2017-04-23 21:26:04.390  INFO 28823 --- [main] s.server.receive.ServerReceiveDataApp    : No active profile set, falling back to default profiles: default
2017-04-23 21:26:04.467  INFO 28823 --- [main] ationConfigEmbeddedWebApplicationContext : Refreshing org.springframework.boot.context.embedded.AnnotationConfigEmbeddedWebApplicationContext@12d3a4e9: startup date [Sun Apr 23 21:26:04 CEST 2017]; root of context hierarchy
2017-04-23 21:26:05.489  INFO 28823 --- [main] trationDelegate$BeanPostProcessorChecker : Bean 'org.springframework.amqp.rabbit.annotation.RabbitBootstrapConfiguration' of type [org.springframework.amqp.rabbit.annotation.RabbitBootstrapConfiguration$$EnhancerBySpringCGLIB$$49966e57] is not eligible for getting processed by all BeanPostProcessors (for example: not eligible for auto-proxying)
2017-04-23 21:26:05.731  INFO 28823 --- [main] s.b.c.e.t.TomcatEmbeddedServletContainer : Tomcat initialized with port(s): 8080 (http)
2017-04-23 21:26:05.742  INFO 28823 --- [main] o.apache.catalina.core.StandardService   : Starting service Tomcat
2017-04-23 21:26:05.743  INFO 28823 --- [main] org.apache.catalina.core.StandardEngine  : Starting Servlet Engine: Apache Tomcat/8.5.11
2017-04-23 21:26:05.857  INFO 28823 --- [localhost-startStop-1] o.a.c.c.C.[Tomcat].[localhost].[/]       : Initializing Spring embedded WebApplicationContext
2017-04-23 21:26:05.857  INFO 28823 --- [localhost-startStop-1] o.s.web.context.ContextLoader            : Root WebApplicationContext: initialization completed in 1393 ms
2017-04-23 21:26:06.033  INFO 28823 --- [localhost-startStop-1] o.s.b.w.servlet.ServletRegistrationBean  : Mapping servlet: 'dispatcherServlet' to [/]
2017-04-23 21:26:06.037  INFO 28823 --- [localhost-startStop-1] o.s.b.w.servlet.FilterRegistrationBean   : Mapping filter: 'characterEncodingFilter' to: [/*]
2017-04-23 21:26:06.037  INFO 28823 --- [localhost-startStop-1] o.s.b.w.servlet.FilterRegistrationBean   : Mapping filter: 'hiddenHttpMethodFilter' to: [/*]
2017-04-23 21:26:06.038  INFO 28823 --- [localhost-startStop-1] o.s.b.w.servlet.FilterRegistrationBean   : Mapping filter: 'httpPutFormContentFilter' to: [/*]
2017-04-23 21:26:06.038  INFO 28823 --- [localhost-startStop-1] o.s.b.w.servlet.FilterRegistrationBean   : Mapping filter: 'requestContextFilter' to: [/*]
2017-04-23 21:26:06.219 DEBUG 28823 --- [main] s.s.r.s.activemq.ActiveMqConfiguration   : Initializing active mq topic sensor.server.receive
2017-04-23 21:26:06.235 DEBUG 28823 --- [main] s.s.r.s.a.ReceivedDataToActiveMqService  : Creating service for publishing measurements to active mq - org.springframework.jms.core.JmsMessagingTemplate@61edc883 - topic://sensor.server.receive
2017-04-23 21:26:06.595  INFO 28823 --- [main] s.w.s.m.m.a.RequestMappingHandlerAdapter : Looking for @ControllerAdvice: org.springframework.boot.context.embedded.AnnotationConfigEmbeddedWebApplicationContext@12d3a4e9: startup date [Sun Apr 23 21:26:04 CEST 2017]; root of context hierarchy
2017-04-23 21:26:06.726  INFO 28823 --- [main] s.w.s.m.m.a.RequestMappingHandlerMapping : Mapped "{[/sensor/measurement],methods=[POST]}" onto public void sensor.server.receive.web.rest.RestReceiveDataController.receive(java.util.Set<sensor.server.shared.model.DeviceMeasurements>,javax.servlet.http.HttpServletRequest)
2017-04-23 21:26:06.729  INFO 28823 --- [main] s.w.s.m.m.a.RequestMappingHandlerMapping : Mapped "{[/sensor/ping],methods=[GET]}" onto public java.lang.String sensor.server.receive.web.rest.RestReceiveDataController.ping()
2017-04-23 21:26:06.734  INFO 28823 --- [main] s.w.s.m.m.a.RequestMappingHandlerMapping : Mapped "{[/error],produces=[text/html]}" onto public org.springframework.web.servlet.ModelAndView org.springframework.boot.autoconfigure.web.BasicErrorController.errorHtml(javax.servlet.http.HttpServletRequest,javax.servlet.http.HttpServletResponse)
2017-04-23 21:26:06.735  INFO 28823 --- [main] s.w.s.m.m.a.RequestMappingHandlerMapping : Mapped "{[/error]}" onto public org.springframework.http.ResponseEntity<java.util.Map<java.lang.String, java.lang.Object>> org.springframework.boot.autoconfigure.web.BasicErrorController.error(javax.servlet.http.HttpServletRequest)
2017-04-23 21:26:06.786  INFO 28823 --- [main] o.s.w.s.handler.SimpleUrlHandlerMapping  : Mapped URL path [/webjars/**] onto handler of type [class org.springframework.web.servlet.resource.ResourceHttpRequestHandler]
2017-04-23 21:26:06.787  INFO 28823 --- [main] o.s.w.s.handler.SimpleUrlHandlerMapping  : Mapped URL path [/**] onto handler of type [class org.springframework.web.servlet.resource.ResourceHttpRequestHandler]
2017-04-23 21:26:06.852  INFO 28823 --- [main] o.s.w.s.handler.SimpleUrlHandlerMapping  : Mapped URL path [/**/favicon.ico] onto handler of type [class org.springframework.web.servlet.resource.ResourceHttpRequestHandler]
2017-04-23 21:26:07.316  INFO 28823 --- [main] o.s.j.e.a.AnnotationMBeanExporter        : Registering beans for JMX exposure on startup
2017-04-23 21:26:07.330  INFO 28823 --- [main] o.s.j.e.a.AnnotationMBeanExporter        : Bean with name 'rabbitConnectionFactory' has been autodetected for JMX exposure
2017-04-23 21:26:07.337  INFO 28823 --- [main] o.s.j.e.a.AnnotationMBeanExporter        : Located managed bean 'rabbitConnectionFactory': registering with JMX server as MBean [org.springframework.amqp.rabbit.connection:name=rabbitConnectionFactory,type=CachingConnectionFactory]
2017-04-23 21:26:07.366  INFO 28823 --- [main] o.s.c.support.DefaultLifecycleProcessor  : Starting beans in phase -2147482648
2017-04-23 21:26:07.367  INFO 28823 --- [main] o.s.c.support.DefaultLifecycleProcessor  : Starting beans in phase 2147483647
2017-04-23 21:26:07.475  INFO 28823 --- [main] s.b.c.e.t.TomcatEmbeddedServletContainer : Tomcat started on port(s): 8080 (http)
2017-04-23 21:26:07.482  INFO 28823 --- [main] s.server.receive.ServerReceiveDataApp    : Started ServerReceiveDataApp in 3.36 seconds (JVM running for 3.743)
2017-04-23 21:26:16.910  INFO 28823 --- [http-nio-8080-exec-1] o.a.c.c.C.[Tomcat].[localhost].[/]       : Initializing Spring FrameworkServlet 'dispatcherServlet'
2017-04-23 21:26:16.911  INFO 28823 --- [http-nio-8080-exec-1] o.s.web.servlet.DispatcherServlet        : FrameworkServlet 'dispatcherServlet': initialization started
2017-04-23 21:26:16.922  INFO 28823 --- [http-nio-8080-exec-1] o.s.web.servlet.DispatcherServlet        : FrameworkServlet 'dispatcherServlet': initialization completed in 11 ms
2017-04-23 21:26:17.021  INFO 28823 --- [http-nio-8080-exec-1] s.s.r.w.rest.RestReceiveDataController   : 0:0:0:0:0:0:0:1 - null - Received measurements [DeviceMeasurements(deviceId=1zc, measurements=[Measurement(type=TEMPERATURE, value=1.0, timing=2007-12-03T10:15:30), Measurement(type=TEMPERATURE, value=2.0, timing=2007-12-03T10:15:31)]), DeviceMeasurements(deviceId=1zb, measurements=[Measurement(type=TEMPERATURE, value=1.02, timing=2007-12-04T10:15:30)])]
2017-04-23 21:26:17.021  INFO 28823 --- [http-nio-8080-exec-1] s.s.r.s.a.ReceivedDataToActiveMqService  : Publish measurements to active mq
2017-04-23 21:26:17.022 DEBUG 28823 --- [http-nio-8080-exec-1] s.s.r.s.a.ReceivedDataToActiveMqService  : Active MQ topic topic://sensor.server.receive
